#
# There is insufficient memory for the Java Runtime Environment to continue.
# Native memory allocation (mmap) failed to map 260046848 bytes for G1 virtual space
# Possible reasons:
#   The system is out of physical RAM or swap space
#   The process is running with CompressedOops enabled, and the Java Heap may be blocking the growth of the native heap
# Possible solutions:
#   Reduce memory load on the system
#   Increase physical memory or swap space
#   Check if swap backing store is full
#   Decrease Java heap size (-Xmx/-Xms)
#   Decrease number of Java threads
#   Decrease Java thread stack sizes (-Xss)
#   Set larger code cache with -XX:ReservedCodeCacheSize=
#   JVM is running with Zero Based Compressed Oops mode in which the Java heap is
#     placed in the first 32GB address space. The Java Heap base address is the
#     maximum limit for the native heap growth. Please use -XX:HeapBaseMinAddress
#     to set the Java Heap base and to place the Java Heap above 32GB virtual address.
# This output file may be truncated or incomplete.
#
#  Out of Memory Error (./open/src/hotspot/os/windows/os_windows.cpp:3321), pid=29788, tid=28712
#
# JRE version:  (15.0.2+7) (build )
# Java VM: Java HotSpot(TM) 64-Bit Server VM (15.0.2+7-27, mixed mode, sharing, tiered, compressed oops, g1 gc, windows-amd64)
# No core dump will be written. Minidumps are not enabled by default on client versions of Windows
#

---------------  S U M M A R Y ------------

Command Line: --module-path=D:\javaFx\javafx-sdk-17.0.1\lib --add-modules=javafx.controls,javafx.fxml -Dfile.encoding=UTF-8 -XX:+ShowCodeDetailsInExceptionMessages application.Main

Host: AMD Ryzen 7 3750H with Radeon Vega Mobile Gfx  , 8 cores, 15G,  Windows 10 , 64 bit Build 19041 (10.0.19041.1348)
Time: Wed Dec 29 01:52:21 2021 SE Asia Standard Time elapsed time: 0.024662 seconds (0d 0h 0m 0s)

---------------  T H R E A D  ---------------

Current thread (0x000001d121273ff0):  JavaThread "Unknown thread" [_thread_in_vm, id=28712, stack(0x0000007508500000,0x0000007508600000)]

Stack: [0x0000007508500000,0x0000007508600000]
Native frames: (J=compiled Java code, j=interpreted, Vv=VM code, C=native code)
V  [jvm.dll+0x62ae9a]
V  [jvm.dll+0x7817a9]
V  [jvm.dll+0x782f03]
V  [jvm.dll+0x783563]
V  [jvm.dll+0x216325]
V  [jvm.dll+0x6281d9]
V  [jvm.dll+0x61cf55]
V  [jvm.dll+0x2cffdd]
V  [jvm.dll+0x2cfe42]
V  [jvm.dll+0x2d5e1c]
V  [jvm.dll+0x32590a]
V  [jvm.dll+0x324fd4]
V  [jvm.dll+0x2a6f5a]
V  [jvm.dll+0x2a80f8]
V  [jvm.dll+0x75e241]
V  [jvm.dll+0x3341c4]
V  [jvm.dll+0x73e926]
V  [jvm.dll+0x3b7557]
V  [jvm.dll+0x3b8fe1]
C  [jli.dll+0x52fb]
C  [ucrtbase.dll+0x21bb2]
C  [KERNEL32.DLL+0x17034]
C  [ntdll.dll+0x52651]


---------------  P R O C E S S  ---------------

Threads class SMR info:
_java_thread_list=0x00007fff2cf54ff0, length=0, elements={
}

Java Threads: ( => current thread )

Other Threads:
  0x000001d1212c1c70 GCTaskThread "GC Thread#0" [stack: 0x0000007508600000,0x0000007508700000] [id=21636]
  0x000001d1212d3b90 ConcurrentGCThread "G1 Main Marker" [stack: 0x0000007508700000,0x0000007508800000] [id=35396]
  0x000001d1212d4690 ConcurrentGCThread "G1 Conc#0" [stack: 0x0000007508800000,0x0000007508900000] [id=36780]

[error occurred during error reporting (printing all threads), id 0xc0000005, EXCEPTION_ACCESS_VIOLATION (0xc0000005) at pc=0x00007fff2c747e27]

VM state: not at safepoint (not fully initialized)

VM Mutex/Monitor currently owned by a thread:  ([mutex/lock_event])
[0x000001d12126e000] Heap_lock - owner thread: 0x000001d121273ff0

Heap address: 0x0000000708e00000, size: 3954 MB, Compressed Oops mode: Zero based, Oop shift amount: 3
CDS archive(s) mapped at: [0x0000000000000000-0x0000000000000000-0x0000000000000000), size 0, SharedBaseAddress: 0x0000000800000000, ArchiveRelocationMode: 0.
Narrow klass base: 0x0000000000000000, Narrow klass shift: 0, Narrow klass range: 0x0

Heap:
 garbage-first heap   total 253952K, used 0K [0x0000000708e00000, 0x0000000800000000)
  region size 2048K, 0 young (0K), 0 survivors (0K)
 Metaspace       used 0K, capacity 0K, committed 0K, reserved 0K
  class space    used 0K, capacity 0K, committed 0K, reserved 0K

Heap Regions: E=young(eden), S=young(survivor), O=old, HS=humongous(starts), HC=humongous(continues), CS=collection set, F=free, OA=open archive, CA=closed archive, TAMS=top-at-mark-start (previous, next)

Card table byte_map: [0x000001d13aed0000,0x000001d13b690000] _byte_map_base: 0x000001d137689000

Marking Bits (Prev, Next): (CMBitMap*) 0x000001d1212c3380, (CMBitMap*) 0x000001d1212c33c0
 Prev Bits: [0x000001d13be50000, 0x000001d13fc18000)
 Next Bits: [0x000001d13fc20000, 0x000001d1439e8000)

GC Heap History (0 events):
No events

Deoptimization events (0 events):
No events

Classes unloaded (0 events):
No events

Classes redefined (0 events):
No events

Internal exceptions (0 events):
No events

Events (1 events):
Event: 0.009 Loaded shared library C:\Program Files\Java\jdk-15.0.2\bin\java.dll


Dynamic libraries:
0x00007ff7a27a0000 - 0x00007ff7a27af000 	C:\Program Files\Java\jdk-15.0.2\bin\javaw.exe
0x00007fffb8570000 - 0x00007fffb8765000 	C:\WINDOWS\SYSTEM32\ntdll.dll
0x00007fffb6dd0000 - 0x00007fffb6e8e000 	C:\WINDOWS\System32\KERNEL32.DLL
0x00007fffb5ee0000 - 0x00007fffb61a8000 	C:\WINDOWS\System32\KERNELBASE.dll
0x00007fffb34e0000 - 0x00007fffb3570000 	C:\WINDOWS\SYSTEM32\apphelp.dll
0x00007fffb6250000 - 0x00007fffb6350000 	C:\WINDOWS\System32\ucrtbase.dll
0x00007fffae950000 - 0x00007fffae969000 	C:\Program Files\Java\jdk-15.0.2\bin\VCRUNTIME140.dll
0x00007fffa7c20000 - 0x00007fffa7c38000 	C:\Program Files\Java\jdk-15.0.2\bin\jli.dll
0x00007fffb6d00000 - 0x00007fffb6dac000 	C:\WINDOWS\System32\ADVAPI32.dll
0x00007fffb7710000 - 0x00007fffb77ae000 	C:\WINDOWS\System32\msvcrt.dll
0x00007fffb7fa0000 - 0x00007fffb803b000 	C:\WINDOWS\System32\sechost.dll
0x00007fffb6e90000 - 0x00007fffb6fba000 	C:\WINDOWS\System32\RPCRT4.dll
0x00007fffa3cf0000 - 0x00007fffa3f8a000 	C:\WINDOWS\WinSxS\amd64_microsoft.windows.common-controls_6595b64144ccf1df_6.0.19041.1110_none_60b5254171f9507e\COMCTL32.dll
0x00007fffb7320000 - 0x00007fffb74c1000 	C:\WINDOWS\System32\USER32.dll
0x00007fffb65c0000 - 0x00007fffb65eb000 	C:\WINDOWS\System32\GDI32.dll
0x00007fffb6380000 - 0x00007fffb63a2000 	C:\WINDOWS\System32\win32u.dll
0x00007fffb6460000 - 0x00007fffb656b000 	C:\WINDOWS\System32\gdi32full.dll
0x00007fffb61b0000 - 0x00007fffb624d000 	C:\WINDOWS\System32\msvcp_win.dll
0x00007fffadfc0000 - 0x00007fffadfca000 	C:\WINDOWS\SYSTEM32\VERSION.dll
0x00007fffb7ef0000 - 0x00007fffb7f20000 	C:\WINDOWS\System32\IMM32.DLL
0x00007fffa7fa0000 - 0x00007fffa7fac000 	C:\Program Files\Java\jdk-15.0.2\bin\vcruntime140_1.dll
0x00007fff561b0000 - 0x00007fff56241000 	C:\Program Files\Java\jdk-15.0.2\bin\msvcp140.dll
0x00007fff2c490000 - 0x00007fff2cfee000 	C:\Program Files\Java\jdk-15.0.2\bin\server\jvm.dll
0x00007fffb7f90000 - 0x00007fffb7f98000 	C:\WINDOWS\System32\PSAPI.DLL
0x00007fff9f030000 - 0x00007fff9f039000 	C:\WINDOWS\SYSTEM32\WSOCK32.dll
0x00007fffadf90000 - 0x00007fffadfb7000 	C:\WINDOWS\SYSTEM32\WINMM.dll
0x00007fffb74d0000 - 0x00007fffb753b000 	C:\WINDOWS\System32\WS2_32.dll
0x00007fffb3b90000 - 0x00007fffb3ba2000 	C:\WINDOWS\SYSTEM32\kernel.appcore.dll
0x00007fffa7ca0000 - 0x00007fffa7caa000 	C:\Program Files\Java\jdk-15.0.2\bin\jimage.dll
0x00007fffa9430000 - 0x00007fffa9614000 	C:\WINDOWS\SYSTEM32\DBGHELP.DLL
0x00007fff9edf0000 - 0x00007fff9ee1c000 	C:\WINDOWS\SYSTEM32\dbgcore.DLL
0x00007fffb5df0000 - 0x00007fffb5e73000 	C:\WINDOWS\System32\bcryptPrimitives.dll
0x00007fffa7bf0000 - 0x00007fffa7c15000 	C:\Program Files\Java\jdk-15.0.2\bin\java.dll

dbghelp: loaded successfully - version: 4.0.5 - missing functions: none
symbol engine: initialized successfully - sym options: 0x614 - pdb path: .;C:\Program Files\Java\jdk-15.0.2\bin;C:\WINDOWS\SYSTEM32;C:\WINDOWS\WinSxS\amd64_microsoft.windows.common-controls_6595b64144ccf1df_6.0.19041.1110_none_60b5254171f9507e;C:\Program Files\Java\jdk-15.0.2\bin\server

VM Arguments:
jvm_args: --module-path=D:\javaFx\javafx-sdk-17.0.1\lib --add-modules=javafx.controls,javafx.fxml -Dfile.encoding=UTF-8 -XX:+ShowCodeDetailsInExceptionMessages 
java_command: application.Main
java_class_path (initial): C:\Users\GG\eclipse-workspace\main1\bin;D:\javaFx\javafx-sdk-17.0.1\lib\javafx.base.jar;D:\javaFx\javafx-sdk-17.0.1\lib\javafx.controls.jar;D:\javaFx\javafx-sdk-17.0.1\lib\javafx.fxml.jar;D:\javaFx\javafx-sdk-17.0.1\lib\javafx.graphics.jar;D:\javaFx\javafx-sdk-17.0.1\lib\javafx.media.jar;D:\javaFx\javafx-sdk-17.0.1\lib\javafx.swing.jar;D:\javaFx\javafx-sdk-17.0.1\lib\javafx.web.jar;D:\javaFx\javafx-sdk-17.0.1\lib\javafx-swt.jar;C:\Users\GG\Downloads\charm-glisten-4.4.1.jar
Launcher Type: SUN_STANDARD

[Global flags]
     intx CICompilerCount                          = 4                                         {product} {ergonomic}
     uint ConcGCThreads                            = 2                                         {product} {ergonomic}
     uint G1ConcRefinementThreads                  = 8                                         {product} {ergonomic}
   size_t G1HeapRegionSize                         = 2097152                                   {product} {ergonomic}
    uintx GCDrainStackTargetSize                   = 64                                        {product} {ergonomic}
   size_t InitialHeapSize                          = 260046848                                 {product} {ergonomic}
   size_t MarkStackSize                            = 4194304                                   {product} {ergonomic}
   size_t MaxHeapSize                              = 4146069504                                {product} {ergonomic}
   size_t MinHeapDeltaBytes                        = 2097152                                   {product} {ergonomic}
   size_t MinHeapSize                              = 8388608                                   {product} {ergonomic}
    uintx NonNMethodCodeHeapSize                   = 5839372                                {pd product} {ergonomic}
    uintx NonProfiledCodeHeapSize                  = 122909434                              {pd product} {ergonomic}
    uintx ProfiledCodeHeapSize                     = 122909434                              {pd product} {ergonomic}
    uintx ReservedCodeCacheSize                    = 251658240                              {pd product} {ergonomic}
     bool SegmentedCodeCache                       = true                                      {product} {ergonomic}
     bool ShowCodeDetailsInExceptionMessages       = true                                   {manageable} {command line}
   size_t SoftMaxHeapSize                          = 4146069504                             {manageable} {ergonomic}
     bool UseCompressedClassPointers               = true                                 {lp64_product} {ergonomic}
     bool UseCompressedOops                        = true                                 {lp64_product} {ergonomic}
     bool UseG1GC                                  = true                                      {product} {ergonomic}
     bool UseLargePagesIndividualAllocation        = false                                  {pd product} {ergonomic}

Logging:
Log output configuration:
 #0: stdout all=warning uptime,level,tags
 #1: stderr all=off uptime,level,tags

Environment Variables:
JAVA_HOME=C:\Program Files\Java\jdk-15.0.2
CLASSPATH=.;
PATH=C:\Python310\Scripts\;C:\Python310\;C:\Python39\;C:\Python39\Scripts\;C:\Python27\;C:\Python27\Scripts;C:\Program Files\Common Files\Oracle\Java\javapath;C:\Windows\system32;C:\Windows;C:\Windows\System32\Wbem;C:\Windows\System32\WindowsPowerShell\v1.0\;C:\Windows\System32\OpenSSH\;C:\Program Files (x86)\NVIDIA Corporation\PhysX\Common;C:\Program Files\NVIDIA Corporation\NVIDIA NvDLISR;C:\WINDOWS\system32;C:\WINDOWS;C:\WINDOWS\System32\Wbem;C:\WINDOWS\System32\WindowsPowerShell\v1.0\;C:\WINDOWS\System32\OpenSSH\;C:\ProgramData\chocolatey\bin;C:\Program Files\Java\jdk1.8.0_211\bin;D:\PostgreSQL\13\bin;C:\Users\GG\AppData\Roaming\npm;C:\Program Files\nodejs\;D:\xampp\php;C:\ProgramData\ComposerSetup\bin;D:\Anaconda;D:\Anaconda\Library\mingw-w64\bin;D:\Anaconda\Library\usr\bin;D:\Anaconda\Library\bin;D:\Anaconda\Scripts;C:\Users\GG\AppData\Local\Microsoft\WindowsApps;C:\Users\GG\AppData\Local\Programs\Microsoft VS Code\bin;D:\DataGrip 2021.2.2\bin;C:\Users\GG\AppData\Local\atom\bin;C:\Users\GG\AppData\Roaming\npm;C:\Users\GG\AppData\Roaming\Composer\vendor\bin
USERNAME=GG
OS=Windows_NT
PROCESSOR_IDENTIFIER=AMD64 Family 23 Model 24 Stepping 1, AuthenticAMD



---------------  S Y S T E M  ---------------

OS:
 Windows 10 , 64 bit Build 19041 (10.0.19041.1348)
OS uptime: 11 days 13:11 hours

CPU: total 8 (initial active 8) (8 cores per cpu, 2 threads per core) family 23 model 24 stepping 1 microcode 0x0, cmov, cx8, fxsr, mmx, sse, sse2, sse3, ssse3, sse4.1, sse4.2, popcnt, vzeroupper, avx, avx2, aes, clmul, 3dnowpref, lzcnt, sse4a, ht, tsc, tscinvbit, tscinv, bmi1, bmi2, adx, sha, fma, clflush, clflushopt

Memory: 4k page, system-wide physical 15809M (7019M free)
TotalPageFile size 19836M (AvailPageFile size 160M)
current process WorkingSet (physical memory assigned to process): 10M, peak: 10M
current process commit charge ("private bytes"): 60M, peak: 308M

vm_info: Java HotSpot(TM) 64-Bit Server VM (15.0.2+7-27) for windows-amd64 JRE (15.0.2+7-27), built on Dec  7 2020 20:07:01 by "mach5one" with unknown MS VC++:1925

END.
